The target system is: Windows -  - 
The host system is: Linux - 4.4.74-boot2docker - x86_64
Compiling the C compiler identification source file "CMakeCCompilerId.c" succeeded.
Compiler: /usr/bin/i686-w64-mingw32-gcc 
Build flags: 
Id flags:  

The output was:
0


Compilation of the C compiler identification source "CMakeCCompilerId.c" produced "a.exe"

The C compiler identification is GNU, found in "/home/user/build-win32/CMakeFiles/3.8.1/CompilerIdC/a.exe"

Compiling the CXX compiler identification source file "CMakeCXXCompilerId.cpp" succeeded.
Compiler: /usr/bin/i686-w64-mingw32-g++ 
Build flags: 
Id flags:  

The output was:
0


Compilation of the CXX compiler identification source "CMakeCXXCompilerId.cpp" produced "a.exe"

The CXX compiler identification is GNU, found in "/home/user/build-win32/CMakeFiles/3.8.1/CompilerIdCXX/a.exe"

Determining if the C compiler works passed with the following output:
Change Dir: /home/user/build-win32/CMakeFiles/CMakeTmp

Run Build Command:"/usr/bin/gmake" "cmTC_fd283/fast"
/usr/bin/gmake -f CMakeFiles/cmTC_fd283.dir/build.make CMakeFiles/cmTC_fd283.dir/build
gmake[1]: Entering directory '/home/user/build-win32/CMakeFiles/CMakeTmp'
Building C object CMakeFiles/cmTC_fd283.dir/testCCompiler.c.obj
/usr/bin/i686-w64-mingw32-gcc    -o CMakeFiles/cmTC_fd283.dir/testCCompiler.c.obj   -c /home/user/build-win32/CMakeFiles/CMakeTmp/testCCompiler.c
Linking C executable cmTC_fd283.exe
/usr/bin/cmake -E cmake_link_script CMakeFiles/cmTC_fd283.dir/link.txt --verbose=1
/usr/bin/cmake -E remove -f CMakeFiles/cmTC_fd283.dir/objects.a
/usr/bin/i686-w64-mingw32-ar cr CMakeFiles/cmTC_fd283.dir/objects.a @CMakeFiles/cmTC_fd283.dir/objects1.rsp
/usr/bin/i686-w64-mingw32-gcc      -Wl,--whole-archive CMakeFiles/cmTC_fd283.dir/objects.a -Wl,--no-whole-archive  -o cmTC_fd283.exe -Wl,--out-implib,libcmTC_fd283.dll.a -Wl,--major-image-version,0,--minor-image-version,0 @CMakeFiles/cmTC_fd283.dir/linklibs.rsp
gmake[1]: Leaving directory '/home/user/build-win32/CMakeFiles/CMakeTmp'


Detecting C compiler ABI info compiled with the following output:
Change Dir: /home/user/build-win32/CMakeFiles/CMakeTmp

Run Build Command:"/usr/bin/gmake" "cmTC_59c42/fast"
/usr/bin/gmake -f CMakeFiles/cmTC_59c42.dir/build.make CMakeFiles/cmTC_59c42.dir/build
gmake[1]: Entering directory '/home/user/build-win32/CMakeFiles/CMakeTmp'
Building C object CMakeFiles/cmTC_59c42.dir/CMakeCCompilerABI.c.obj
/usr/bin/i686-w64-mingw32-gcc    -o CMakeFiles/cmTC_59c42.dir/CMakeCCompilerABI.c.obj   -c /usr/share/cmake/Modules/CMakeCCompilerABI.c
Linking C executable cmTC_59c42.exe
/usr/bin/cmake -E cmake_link_script CMakeFiles/cmTC_59c42.dir/link.txt --verbose=1
/usr/bin/cmake -E remove -f CMakeFiles/cmTC_59c42.dir/objects.a
/usr/bin/i686-w64-mingw32-ar cr CMakeFiles/cmTC_59c42.dir/objects.a @CMakeFiles/cmTC_59c42.dir/objects1.rsp
/usr/bin/i686-w64-mingw32-gcc     -v -Wl,--whole-archive CMakeFiles/cmTC_59c42.dir/objects.a -Wl,--no-whole-archive  -o cmTC_59c42.exe -Wl,--out-implib,libcmTC_59c42.dll.a -Wl,--major-image-version,0,--minor-image-version,0 
Using built-in specs.
COLLECT_GCC=/usr/bin/i686-w64-mingw32-gcc
COLLECT_LTO_WRAPPER=/usr/lib64/gcc/i686-w64-mingw32/4.9.2/lto-wrapper
Target: i686-w64-mingw32
Configured with: ../configure --prefix=/usr --bindir=/usr/bin --includedir=/usr/include --libdir=/usr/lib64 --libexecdir=/usr/lib64 --mandir=/usr/share/man --infodir=/usr/share/info --datadir=/usr/share --build=x86_64-suse-linux-gnu --host=x86_64-suse-linux-gnu --target=i686-w64-mingw32 --with-gnu-as --with-gnu-ld --verbose --without-newlib --disable-multilib --disable-plugin --with-system-zlib --disable-nls --without-included-gettext --disable-win32-registry --enable-version-specific-runtime-libs --with-sysroot=/usr/i686-w64-mingw32/sys-root --enable-languages=c,c++,fortran,objc,obj-c++,java --enable-libgcj --enable-java-gc-boehm --disable-libgcj-debug --without-x --enable-hash-synchronization --enable-fully-dynamic-strings --enable-libgomp --enable-linker-build-id
Thread model: win32
gcc version 4.9.2 (GCC) 
COMPILER_PATH=/usr/lib64/gcc/i686-w64-mingw32/4.9.2/:/usr/lib64/gcc/i686-w64-mingw32/4.9.2/:/usr/lib64/gcc/i686-w64-mingw32/:/usr/lib64/gcc/i686-w64-mingw32/4.9.2/:/usr/lib64/gcc/i686-w64-mingw32/:/usr/lib64/gcc/i686-w64-mingw32/4.9.2/../../../../i686-w64-mingw32/bin/
LIBRARY_PATH=/usr/lib64/gcc/i686-w64-mingw32/4.9.2/:/usr/lib64/gcc/i686-w64-mingw32/4.9.2/../../../../i686-w64-mingw32/lib/../lib/:/usr/i686-w64-mingw32/sys-root/mingw/lib/../lib/:/usr/lib64/gcc/i686-w64-mingw32/4.9.2/../../../../i686-w64-mingw32/lib/:/usr/i686-w64-mingw32/sys-root/mingw/lib/
COLLECT_GCC_OPTIONS='-v' '-o' 'cmTC_59c42.exe' '-mtune=generic' '-march=pentiumpro'
 /usr/lib64/gcc/i686-w64-mingw32/4.9.2/collect2 -plugin /usr/lib64/gcc/i686-w64-mingw32/4.9.2/liblto_plugin.so -plugin-opt=/usr/lib64/gcc/i686-w64-mingw32/4.9.2/lto-wrapper -plugin-opt=-fresolution=/tmp/ccs6uAl2.res -plugin-opt=-pass-through=-lmingw32 -plugin-opt=-pass-through=-lgcc -plugin-opt=-pass-through=-lgcc_eh -plugin-opt=-pass-through=-lmoldname -plugin-opt=-pass-through=-lmingwex -plugin-opt=-pass-through=-lmsvcrt -plugin-opt=-pass-through=-ladvapi32 -plugin-opt=-pass-through=-lshell32 -plugin-opt=-pass-through=-luser32 -plugin-opt=-pass-through=-lkernel32 -plugin-opt=-pass-through=-lmingw32 -plugin-opt=-pass-through=-lgcc -plugin-opt=-pass-through=-lgcc_eh -plugin-opt=-pass-through=-lmoldname -plugin-opt=-pass-through=-lmingwex -plugin-opt=-pass-through=-lmsvcrt --sysroot=/usr/i686-w64-mingw32/sys-root --build-id -m i386pe -Bdynamic -o cmTC_59c42.exe /usr/i686-w64-mingw32/sys-root/mingw/lib/../lib/crt2.o /usr/lib64/gcc/i686-w64-mingw32/4.9.2/crtbegin.o -L/usr/lib64/gcc/i686-w64-mingw32/4.9.2 -L/usr/lib64/gcc/i686-w64-mingw32/4.9.2/../../../../i686-w64-mingw32/lib/../lib -L/usr/i686-w64-mingw32/sys-root/mingw/lib/../lib -L/usr/lib64/gcc/i686-w64-mingw32/4.9.2/../../../../i686-w64-mingw32/lib -L/usr/i686-w64-mingw32/sys-root/mingw/lib --whole-archive CMakeFiles/cmTC_59c42.dir/objects.a --no-whole-archive --out-implib libcmTC_59c42.dll.a --major-image-version 0 --minor-image-version 0 -lmingw32 -lgcc -lgcc_eh -lmoldname -lmingwex -lmsvcrt -ladvapi32 -lshell32 -luser32 -lkernel32 -lmingw32 -lgcc -lgcc_eh -lmoldname -lmingwex -lmsvcrt /usr/lib64/gcc/i686-w64-mingw32/4.9.2/crtend.o
gmake[1]: Leaving directory '/home/user/build-win32/CMakeFiles/CMakeTmp'


Parsed C implicit link information from above output:
  link line regex: [^( *|.*[/\])(i686-w64-mingw32-ld|([^/\]+-)?ld|collect2)[^/\]*( |$)]
  ignore line: [Change Dir: /home/user/build-win32/CMakeFiles/CMakeTmp]
  ignore line: []
  ignore line: [Run Build Command:"/usr/bin/gmake" "cmTC_59c42/fast"]
  ignore line: [/usr/bin/gmake -f CMakeFiles/cmTC_59c42.dir/build.make CMakeFiles/cmTC_59c42.dir/build]
  ignore line: [gmake[1]: Entering directory '/home/user/build-win32/CMakeFiles/CMakeTmp']
  ignore line: [Building C object CMakeFiles/cmTC_59c42.dir/CMakeCCompilerABI.c.obj]
  ignore line: [/usr/bin/i686-w64-mingw32-gcc    -o CMakeFiles/cmTC_59c42.dir/CMakeCCompilerABI.c.obj   -c /usr/share/cmake/Modules/CMakeCCompilerABI.c]
  ignore line: [Linking C executable cmTC_59c42.exe]
  ignore line: [/usr/bin/cmake -E cmake_link_script CMakeFiles/cmTC_59c42.dir/link.txt --verbose=1]
  ignore line: [/usr/bin/cmake -E remove -f CMakeFiles/cmTC_59c42.dir/objects.a]
  ignore line: [/usr/bin/i686-w64-mingw32-ar cr CMakeFiles/cmTC_59c42.dir/objects.a @CMakeFiles/cmTC_59c42.dir/objects1.rsp]
  ignore line: [/usr/bin/i686-w64-mingw32-gcc     -v -Wl,--whole-archive CMakeFiles/cmTC_59c42.dir/objects.a -Wl,--no-whole-archive  -o cmTC_59c42.exe -Wl,--out-implib,libcmTC_59c42.dll.a -Wl,--major-image-version,0,--minor-image-version,0 ]
  ignore line: [Using built-in specs.]
  ignore line: [COLLECT_GCC=/usr/bin/i686-w64-mingw32-gcc]
  ignore line: [COLLECT_LTO_WRAPPER=/usr/lib64/gcc/i686-w64-mingw32/4.9.2/lto-wrapper]
  ignore line: [Target: i686-w64-mingw32]
  ignore line: [Configured with: ../configure --prefix=/usr --bindir=/usr/bin --includedir=/usr/include --libdir=/usr/lib64 --libexecdir=/usr/lib64 --mandir=/usr/share/man --infodir=/usr/share/info --datadir=/usr/share --build=x86_64-suse-linux-gnu --host=x86_64-suse-linux-gnu --target=i686-w64-mingw32 --with-gnu-as --with-gnu-ld --verbose --without-newlib --disable-multilib --disable-plugin --with-system-zlib --disable-nls --without-included-gettext --disable-win32-registry --enable-version-specific-runtime-libs --with-sysroot=/usr/i686-w64-mingw32/sys-root --enable-languages=c,c++,fortran,objc,obj-c++,java --enable-libgcj --enable-java-gc-boehm --disable-libgcj-debug --without-x --enable-hash-synchronization --enable-fully-dynamic-strings --enable-libgomp --enable-linker-build-id]
  ignore line: [Thread model: win32]
  ignore line: [gcc version 4.9.2 (GCC) ]
  ignore line: [COMPILER_PATH=/usr/lib64/gcc/i686-w64-mingw32/4.9.2/:/usr/lib64/gcc/i686-w64-mingw32/4.9.2/:/usr/lib64/gcc/i686-w64-mingw32/:/usr/lib64/gcc/i686-w64-mingw32/4.9.2/:/usr/lib64/gcc/i686-w64-mingw32/:/usr/lib64/gcc/i686-w64-mingw32/4.9.2/../../../../i686-w64-mingw32/bin/]
  ignore line: [LIBRARY_PATH=/usr/lib64/gcc/i686-w64-mingw32/4.9.2/:/usr/lib64/gcc/i686-w64-mingw32/4.9.2/../../../../i686-w64-mingw32/lib/../lib/:/usr/i686-w64-mingw32/sys-root/mingw/lib/../lib/:/usr/lib64/gcc/i686-w64-mingw32/4.9.2/../../../../i686-w64-mingw32/lib/:/usr/i686-w64-mingw32/sys-root/mingw/lib/]
  ignore line: [COLLECT_GCC_OPTIONS='-v' '-o' 'cmTC_59c42.exe' '-mtune=generic' '-march=pentiumpro']
  link line: [ /usr/lib64/gcc/i686-w64-mingw32/4.9.2/collect2 -plugin /usr/lib64/gcc/i686-w64-mingw32/4.9.2/liblto_plugin.so -plugin-opt=/usr/lib64/gcc/i686-w64-mingw32/4.9.2/lto-wrapper -plugin-opt=-fresolution=/tmp/ccs6uAl2.res -plugin-opt=-pass-through=-lmingw32 -plugin-opt=-pass-through=-lgcc -plugin-opt=-pass-through=-lgcc_eh -plugin-opt=-pass-through=-lmoldname -plugin-opt=-pass-through=-lmingwex -plugin-opt=-pass-through=-lmsvcrt -plugin-opt=-pass-through=-ladvapi32 -plugin-opt=-pass-through=-lshell32 -plugin-opt=-pass-through=-luser32 -plugin-opt=-pass-through=-lkernel32 -plugin-opt=-pass-through=-lmingw32 -plugin-opt=-pass-through=-lgcc -plugin-opt=-pass-through=-lgcc_eh -plugin-opt=-pass-through=-lmoldname -plugin-opt=-pass-through=-lmingwex -plugin-opt=-pass-through=-lmsvcrt --sysroot=/usr/i686-w64-mingw32/sys-root --build-id -m i386pe -Bdynamic -o cmTC_59c42.exe /usr/i686-w64-mingw32/sys-root/mingw/lib/../lib/crt2.o /usr/lib64/gcc/i686-w64-mingw32/4.9.2/crtbegin.o -L/usr/lib64/gcc/i686-w64-mingw32/4.9.2 -L/usr/lib64/gcc/i686-w64-mingw32/4.9.2/../../../../i686-w64-mingw32/lib/../lib -L/usr/i686-w64-mingw32/sys-root/mingw/lib/../lib -L/usr/lib64/gcc/i686-w64-mingw32/4.9.2/../../../../i686-w64-mingw32/lib -L/usr/i686-w64-mingw32/sys-root/mingw/lib --whole-archive CMakeFiles/cmTC_59c42.dir/objects.a --no-whole-archive --out-implib libcmTC_59c42.dll.a --major-image-version 0 --minor-image-version 0 -lmingw32 -lgcc -lgcc_eh -lmoldname -lmingwex -lmsvcrt -ladvapi32 -lshell32 -luser32 -lkernel32 -lmingw32 -lgcc -lgcc_eh -lmoldname -lmingwex -lmsvcrt /usr/lib64/gcc/i686-w64-mingw32/4.9.2/crtend.o]
    arg [/usr/lib64/gcc/i686-w64-mingw32/4.9.2/collect2] ==> ignore
    arg [-plugin] ==> ignore
    arg [/usr/lib64/gcc/i686-w64-mingw32/4.9.2/liblto_plugin.so] ==> ignore
    arg [-plugin-opt=/usr/lib64/gcc/i686-w64-mingw32/4.9.2/lto-wrapper] ==> ignore
    arg [-plugin-opt=-fresolution=/tmp/ccs6uAl2.res] ==> ignore
    arg [-plugin-opt=-pass-through=-lmingw32] ==> ignore
    arg [-plugin-opt=-pass-through=-lgcc] ==> ignore
    arg [-plugin-opt=-pass-through=-lgcc_eh] ==> ignore
    arg [-plugin-opt=-pass-through=-lmoldname] ==> ignore
    arg [-plugin-opt=-pass-through=-lmingwex] ==> ignore
    arg [-plugin-opt=-pass-through=-lmsvcrt] ==> ignore
    arg [-plugin-opt=-pass-through=-ladvapi32] ==> ignore
    arg [-plugin-opt=-pass-through=-lshell32] ==> ignore
    arg [-plugin-opt=-pass-through=-luser32] ==> ignore
    arg [-plugin-opt=-pass-through=-lkernel32] ==> ignore
    arg [-plugin-opt=-pass-through=-lmingw32] ==> ignore
    arg [-plugin-opt=-pass-through=-lgcc] ==> ignore
    arg [-plugin-opt=-pass-through=-lgcc_eh] ==> ignore
    arg [-plugin-opt=-pass-through=-lmoldname] ==> ignore
    arg [-plugin-opt=-pass-through=-lmingwex] ==> ignore
    arg [-plugin-opt=-pass-through=-lmsvcrt] ==> ignore
    arg [--sysroot=/usr/i686-w64-mingw32/sys-root] ==> ignore
    arg [--build-id] ==> ignore
    arg [-m] ==> ignore
    arg [i386pe] ==> ignore
    arg [-Bdynamic] ==> ignore
    arg [-o] ==> ignore
    arg [cmTC_59c42.exe] ==> ignore
    arg [/usr/i686-w64-mingw32/sys-root/mingw/lib/../lib/crt2.o] ==> ignore
    arg [/usr/lib64/gcc/i686-w64-mingw32/4.9.2/crtbegin.o] ==> ignore
    arg [-L/usr/lib64/gcc/i686-w64-mingw32/4.9.2] ==> dir [/usr/lib64/gcc/i686-w64-mingw32/4.9.2]
    arg [-L/usr/lib64/gcc/i686-w64-mingw32/4.9.2/../../../../i686-w64-mingw32/lib/../lib] ==> dir [/usr/lib64/gcc/i686-w64-mingw32/4.9.2/../../../../i686-w64-mingw32/lib/../lib]
    arg [-L/usr/i686-w64-mingw32/sys-root/mingw/lib/../lib] ==> dir [/usr/i686-w64-mingw32/sys-root/mingw/lib/../lib]
    arg [-L/usr/lib64/gcc/i686-w64-mingw32/4.9.2/../../../../i686-w64-mingw32/lib] ==> dir [/usr/lib64/gcc/i686-w64-mingw32/4.9.2/../../../../i686-w64-mingw32/lib]
    arg [-L/usr/i686-w64-mingw32/sys-root/mingw/lib] ==> dir [/usr/i686-w64-mingw32/sys-root/mingw/lib]
    arg [--whole-archive] ==> ignore
    arg [CMakeFiles/cmTC_59c42.dir/objects.a] ==> ignore
    arg [--no-whole-archive] ==> ignore
    arg [--out-implib] ==> ignore
    arg [libcmTC_59c42.dll.a] ==> ignore
    arg [--major-image-version] ==> ignore
    arg [0] ==> ignore
    arg [--minor-image-version] ==> ignore
    arg [0] ==> ignore
    arg [-lmingw32] ==> lib [mingw32]
    arg [-lgcc] ==> lib [gcc]
    arg [-lgcc_eh] ==> lib [gcc_eh]
    arg [-lmoldname] ==> lib [moldname]
    arg [-lmingwex] ==> lib [mingwex]
    arg [-lmsvcrt] ==> lib [msvcrt]
    arg [-ladvapi32] ==> lib [advapi32]
    arg [-lshell32] ==> lib [shell32]
    arg [-luser32] ==> lib [user32]
    arg [-lkernel32] ==> lib [kernel32]
    arg [-lmingw32] ==> lib [mingw32]
    arg [-lgcc] ==> lib [gcc]
    arg [-lgcc_eh] ==> lib [gcc_eh]
    arg [-lmoldname] ==> lib [moldname]
    arg [-lmingwex] ==> lib [mingwex]
    arg [-lmsvcrt] ==> lib [msvcrt]
    arg [/usr/lib64/gcc/i686-w64-mingw32/4.9.2/crtend.o] ==> ignore
  remove lib [gcc]
  remove lib [gcc_eh]
  remove lib [gcc]
  remove lib [gcc_eh]
  collapse library dir [/usr/lib64/gcc/i686-w64-mingw32/4.9.2] ==> [/usr/lib64/gcc/i686-w64-mingw32/4.9.2]
  collapse library dir [/usr/lib64/gcc/i686-w64-mingw32/4.9.2/../../../../i686-w64-mingw32/lib/../lib] ==> [/usr/i686-w64-mingw32/lib]
  collapse library dir [/usr/i686-w64-mingw32/sys-root/mingw/lib/../lib] ==> [/usr/i686-w64-mingw32/sys-root/mingw/lib]
  collapse library dir [/usr/lib64/gcc/i686-w64-mingw32/4.9.2/../../../../i686-w64-mingw32/lib] ==> [/usr/i686-w64-mingw32/lib]
  collapse library dir [/usr/i686-w64-mingw32/sys-root/mingw/lib] ==> [/usr/i686-w64-mingw32/sys-root/mingw/lib]
  implicit libs: [mingw32;moldname;mingwex;msvcrt;advapi32;shell32;user32;kernel32;mingw32;moldname;mingwex;msvcrt]
  implicit dirs: [/usr/lib64/gcc/i686-w64-mingw32/4.9.2;/usr/i686-w64-mingw32/lib;/usr/i686-w64-mingw32/sys-root/mingw/lib]
  implicit fwks: []




Detecting C [-std=c11] compiler features compiled with the following output:
Change Dir: /home/user/build-win32/CMakeFiles/CMakeTmp

Run Build Command:"/usr/bin/gmake" "cmTC_1caf3/fast"
/usr/bin/gmake -f CMakeFiles/cmTC_1caf3.dir/build.make CMakeFiles/cmTC_1caf3.dir/build
gmake[1]: Entering directory '/home/user/build-win32/CMakeFiles/CMakeTmp'
Building C object CMakeFiles/cmTC_1caf3.dir/feature_tests.c.obj
/usr/bin/i686-w64-mingw32-gcc   -std=c11 -o CMakeFiles/cmTC_1caf3.dir/feature_tests.c.obj   -c /home/user/build-win32/CMakeFiles/feature_tests.c
Linking C executable cmTC_1caf3.exe
/usr/bin/cmake -E cmake_link_script CMakeFiles/cmTC_1caf3.dir/link.txt --verbose=1
/usr/bin/cmake -E remove -f CMakeFiles/cmTC_1caf3.dir/objects.a
/usr/bin/i686-w64-mingw32-ar cr CMakeFiles/cmTC_1caf3.dir/objects.a @CMakeFiles/cmTC_1caf3.dir/objects1.rsp
/usr/bin/i686-w64-mingw32-gcc      -Wl,--whole-archive CMakeFiles/cmTC_1caf3.dir/objects.a -Wl,--no-whole-archive  -o cmTC_1caf3.exe -Wl,--out-implib,libcmTC_1caf3.dll.a -Wl,--major-image-version,0,--minor-image-version,0 @CMakeFiles/cmTC_1caf3.dir/linklibs.rsp
gmake[1]: Leaving directory '/home/user/build-win32/CMakeFiles/CMakeTmp'


    Feature record: C_FEATURE:1c_function_prototypes
    Feature record: C_FEATURE:1c_restrict
    Feature record: C_FEATURE:1c_static_assert
    Feature record: C_FEATURE:1c_variadic_macros


Detecting C [-std=c99] compiler features compiled with the following output:
Change Dir: /home/user/build-win32/CMakeFiles/CMakeTmp

Run Build Command:"/usr/bin/gmake" "cmTC_4e60a/fast"
/usr/bin/gmake -f CMakeFiles/cmTC_4e60a.dir/build.make CMakeFiles/cmTC_4e60a.dir/build
gmake[1]: Entering directory '/home/user/build-win32/CMakeFiles/CMakeTmp'
Building C object CMakeFiles/cmTC_4e60a.dir/feature_tests.c.obj
/usr/bin/i686-w64-mingw32-gcc   -std=c99 -o CMakeFiles/cmTC_4e60a.dir/feature_tests.c.obj   -c /home/user/build-win32/CMakeFiles/feature_tests.c
Linking C executable cmTC_4e60a.exe
/usr/bin/cmake -E cmake_link_script CMakeFiles/cmTC_4e60a.dir/link.txt --verbose=1
/usr/bin/cmake -E remove -f CMakeFiles/cmTC_4e60a.dir/objects.a
/usr/bin/i686-w64-mingw32-ar cr CMakeFiles/cmTC_4e60a.dir/objects.a @CMakeFiles/cmTC_4e60a.dir/objects1.rsp
/usr/bin/i686-w64-mingw32-gcc      -Wl,--whole-archive CMakeFiles/cmTC_4e60a.dir/objects.a -Wl,--no-whole-archive  -o cmTC_4e60a.exe -Wl,--out-implib,libcmTC_4e60a.dll.a -Wl,--major-image-version,0,--minor-image-version,0 @CMakeFiles/cmTC_4e60a.dir/linklibs.rsp
gmake[1]: Leaving directory '/home/user/build-win32/CMakeFiles/CMakeTmp'


    Feature record: C_FEATURE:1c_function_prototypes
    Feature record: C_FEATURE:1c_restrict
    Feature record: C_FEATURE:0c_static_assert
    Feature record: C_FEATURE:1c_variadic_macros


Detecting C [-std=c90] compiler features compiled with the following output:
Change Dir: /home/user/build-win32/CMakeFiles/CMakeTmp

Run Build Command:"/usr/bin/gmake" "cmTC_78284/fast"
/usr/bin/gmake -f CMakeFiles/cmTC_78284.dir/build.make CMakeFiles/cmTC_78284.dir/build
gmake[1]: Entering directory '/home/user/build-win32/CMakeFiles/CMakeTmp'
Building C object CMakeFiles/cmTC_78284.dir/feature_tests.c.obj
/usr/bin/i686-w64-mingw32-gcc   -std=c90 -o CMakeFiles/cmTC_78284.dir/feature_tests.c.obj   -c /home/user/build-win32/CMakeFiles/feature_tests.c
Linking C executable cmTC_78284.exe
/usr/bin/cmake -E cmake_link_script CMakeFiles/cmTC_78284.dir/link.txt --verbose=1
/usr/bin/cmake -E remove -f CMakeFiles/cmTC_78284.dir/objects.a
/usr/bin/i686-w64-mingw32-ar cr CMakeFiles/cmTC_78284.dir/objects.a @CMakeFiles/cmTC_78284.dir/objects1.rsp
/usr/bin/i686-w64-mingw32-gcc      -Wl,--whole-archive CMakeFiles/cmTC_78284.dir/objects.a -Wl,--no-whole-archive  -o cmTC_78284.exe -Wl,--out-implib,libcmTC_78284.dll.a -Wl,--major-image-version,0,--minor-image-version,0 @CMakeFiles/cmTC_78284.dir/linklibs.rsp
gmake[1]: Leaving directory '/home/user/build-win32/CMakeFiles/CMakeTmp'


    Feature record: C_FEATURE:1c_function_prototypes
    Feature record: C_FEATURE:0c_restrict
    Feature record: C_FEATURE:0c_static_assert
    Feature record: C_FEATURE:0c_variadic_macros
Determining if the CXX compiler works passed with the following output:
Change Dir: /home/user/build-win32/CMakeFiles/CMakeTmp

Run Build Command:"/usr/bin/gmake" "cmTC_60ca3/fast"
/usr/bin/gmake -f CMakeFiles/cmTC_60ca3.dir/build.make CMakeFiles/cmTC_60ca3.dir/build
gmake[1]: Entering directory '/home/user/build-win32/CMakeFiles/CMakeTmp'
Building CXX object CMakeFiles/cmTC_60ca3.dir/testCXXCompiler.cxx.obj
/usr/bin/i686-w64-mingw32-g++     -o CMakeFiles/cmTC_60ca3.dir/testCXXCompiler.cxx.obj -c /home/user/build-win32/CMakeFiles/CMakeTmp/testCXXCompiler.cxx
Linking CXX executable cmTC_60ca3.exe
/usr/bin/cmake -E cmake_link_script CMakeFiles/cmTC_60ca3.dir/link.txt --verbose=1
/usr/bin/cmake -E remove -f CMakeFiles/cmTC_60ca3.dir/objects.a
/usr/bin/i686-w64-mingw32-ar cr CMakeFiles/cmTC_60ca3.dir/objects.a @CMakeFiles/cmTC_60ca3.dir/objects1.rsp
/usr/bin/i686-w64-mingw32-g++      -Wl,--whole-archive CMakeFiles/cmTC_60ca3.dir/objects.a -Wl,--no-whole-archive  -o cmTC_60ca3.exe -Wl,--out-implib,libcmTC_60ca3.dll.a -Wl,--major-image-version,0,--minor-image-version,0 @CMakeFiles/cmTC_60ca3.dir/linklibs.rsp
gmake[1]: Leaving directory '/home/user/build-win32/CMakeFiles/CMakeTmp'


Detecting CXX compiler ABI info compiled with the following output:
Change Dir: /home/user/build-win32/CMakeFiles/CMakeTmp

Run Build Command:"/usr/bin/gmake" "cmTC_4023f/fast"
/usr/bin/gmake -f CMakeFiles/cmTC_4023f.dir/build.make CMakeFiles/cmTC_4023f.dir/build
gmake[1]: Entering directory '/home/user/build-win32/CMakeFiles/CMakeTmp'
Building CXX object CMakeFiles/cmTC_4023f.dir/CMakeCXXCompilerABI.cpp.obj
/usr/bin/i686-w64-mingw32-g++     -o CMakeFiles/cmTC_4023f.dir/CMakeCXXCompilerABI.cpp.obj -c /usr/share/cmake/Modules/CMakeCXXCompilerABI.cpp
Linking CXX executable cmTC_4023f.exe
/usr/bin/cmake -E cmake_link_script CMakeFiles/cmTC_4023f.dir/link.txt --verbose=1
/usr/bin/cmake -E remove -f CMakeFiles/cmTC_4023f.dir/objects.a
/usr/bin/i686-w64-mingw32-ar cr CMakeFiles/cmTC_4023f.dir/objects.a @CMakeFiles/cmTC_4023f.dir/objects1.rsp
/usr/bin/i686-w64-mingw32-g++     -v -Wl,--whole-archive CMakeFiles/cmTC_4023f.dir/objects.a -Wl,--no-whole-archive  -o cmTC_4023f.exe -Wl,--out-implib,libcmTC_4023f.dll.a -Wl,--major-image-version,0,--minor-image-version,0 
Using built-in specs.
COLLECT_GCC=/usr/bin/i686-w64-mingw32-g++
COLLECT_LTO_WRAPPER=/usr/lib64/gcc/i686-w64-mingw32/4.9.2/lto-wrapper
Target: i686-w64-mingw32
Configured with: ../configure --prefix=/usr --bindir=/usr/bin --includedir=/usr/include --libdir=/usr/lib64 --libexecdir=/usr/lib64 --mandir=/usr/share/man --infodir=/usr/share/info --datadir=/usr/share --build=x86_64-suse-linux-gnu --host=x86_64-suse-linux-gnu --target=i686-w64-mingw32 --with-gnu-as --with-gnu-ld --verbose --without-newlib --disable-multilib --disable-plugin --with-system-zlib --disable-nls --without-included-gettext --disable-win32-registry --enable-version-specific-runtime-libs --with-sysroot=/usr/i686-w64-mingw32/sys-root --enable-languages=c,c++,fortran,objc,obj-c++,java --enable-libgcj --enable-java-gc-boehm --disable-libgcj-debug --without-x --enable-hash-synchronization --enable-fully-dynamic-strings --enable-libgomp --enable-linker-build-id
Thread model: win32
gcc version 4.9.2 (GCC) 
COMPILER_PATH=/usr/lib64/gcc/i686-w64-mingw32/4.9.2/:/usr/lib64/gcc/i686-w64-mingw32/4.9.2/:/usr/lib64/gcc/i686-w64-mingw32/:/usr/lib64/gcc/i686-w64-mingw32/4.9.2/:/usr/lib64/gcc/i686-w64-mingw32/:/usr/lib64/gcc/i686-w64-mingw32/4.9.2/../../../../i686-w64-mingw32/bin/
LIBRARY_PATH=/usr/lib64/gcc/i686-w64-mingw32/4.9.2/:/usr/lib64/gcc/i686-w64-mingw32/4.9.2/../../../../i686-w64-mingw32/lib/../lib/:/usr/i686-w64-mingw32/sys-root/mingw/lib/../lib/:/usr/lib64/gcc/i686-w64-mingw32/4.9.2/../../../../i686-w64-mingw32/lib/:/usr/i686-w64-mingw32/sys-root/mingw/lib/
COLLECT_GCC_OPTIONS='-v' '-o' 'cmTC_4023f.exe' '-shared-libgcc' '-mtune=generic' '-march=pentiumpro'
 /usr/lib64/gcc/i686-w64-mingw32/4.9.2/collect2 -plugin /usr/lib64/gcc/i686-w64-mingw32/4.9.2/liblto_plugin.so -plugin-opt=/usr/lib64/gcc/i686-w64-mingw32/4.9.2/lto-wrapper -plugin-opt=-fresolution=/tmp/ccRMaK6v.res -plugin-opt=-pass-through=-lmingw32 -plugin-opt=-pass-through=-lgcc_s -plugin-opt=-pass-through=-lgcc -plugin-opt=-pass-through=-lmoldname -plugin-opt=-pass-through=-lmingwex -plugin-opt=-pass-through=-lmsvcrt -plugin-opt=-pass-through=-ladvapi32 -plugin-opt=-pass-through=-lshell32 -plugin-opt=-pass-through=-luser32 -plugin-opt=-pass-through=-lkernel32 -plugin-opt=-pass-through=-lmingw32 -plugin-opt=-pass-through=-lgcc_s -plugin-opt=-pass-through=-lgcc -plugin-opt=-pass-through=-lmoldname -plugin-opt=-pass-through=-lmingwex -plugin-opt=-pass-through=-lmsvcrt --sysroot=/usr/i686-w64-mingw32/sys-root --build-id -m i386pe -Bdynamic -o cmTC_4023f.exe /usr/i686-w64-mingw32/sys-root/mingw/lib/../lib/crt2.o /usr/lib64/gcc/i686-w64-mingw32/4.9.2/crtbegin.o -L/usr/lib64/gcc/i686-w64-mingw32/4.9.2 -L/usr/lib64/gcc/i686-w64-mingw32/4.9.2/../../../../i686-w64-mingw32/lib/../lib -L/usr/i686-w64-mingw32/sys-root/mingw/lib/../lib -L/usr/lib64/gcc/i686-w64-mingw32/4.9.2/../../../../i686-w64-mingw32/lib -L/usr/i686-w64-mingw32/sys-root/mingw/lib --whole-archive CMakeFiles/cmTC_4023f.dir/objects.a --no-whole-archive --out-implib libcmTC_4023f.dll.a --major-image-version 0 --minor-image-version 0 -lstdc++ -lmingw32 -lgcc_s -lgcc -lmoldname -lmingwex -lmsvcrt -ladvapi32 -lshell32 -luser32 -lkernel32 -lmingw32 -lgcc_s -lgcc -lmoldname -lmingwex -lmsvcrt /usr/lib64/gcc/i686-w64-mingw32/4.9.2/crtend.o
gmake[1]: Leaving directory '/home/user/build-win32/CMakeFiles/CMakeTmp'


Parsed CXX implicit link information from above output:
  link line regex: [^( *|.*[/\])(i686-w64-mingw32-ld|([^/\]+-)?ld|collect2)[^/\]*( |$)]
  ignore line: [Change Dir: /home/user/build-win32/CMakeFiles/CMakeTmp]
  ignore line: []
  ignore line: [Run Build Command:"/usr/bin/gmake" "cmTC_4023f/fast"]
  ignore line: [/usr/bin/gmake -f CMakeFiles/cmTC_4023f.dir/build.make CMakeFiles/cmTC_4023f.dir/build]
  ignore line: [gmake[1]: Entering directory '/home/user/build-win32/CMakeFiles/CMakeTmp']
  ignore line: [Building CXX object CMakeFiles/cmTC_4023f.dir/CMakeCXXCompilerABI.cpp.obj]
  ignore line: [/usr/bin/i686-w64-mingw32-g++     -o CMakeFiles/cmTC_4023f.dir/CMakeCXXCompilerABI.cpp.obj -c /usr/share/cmake/Modules/CMakeCXXCompilerABI.cpp]
  ignore line: [Linking CXX executable cmTC_4023f.exe]
  ignore line: [/usr/bin/cmake -E cmake_link_script CMakeFiles/cmTC_4023f.dir/link.txt --verbose=1]
  ignore line: [/usr/bin/cmake -E remove -f CMakeFiles/cmTC_4023f.dir/objects.a]
  ignore line: [/usr/bin/i686-w64-mingw32-ar cr CMakeFiles/cmTC_4023f.dir/objects.a @CMakeFiles/cmTC_4023f.dir/objects1.rsp]
  ignore line: [/usr/bin/i686-w64-mingw32-g++     -v -Wl,--whole-archive CMakeFiles/cmTC_4023f.dir/objects.a -Wl,--no-whole-archive  -o cmTC_4023f.exe -Wl,--out-implib,libcmTC_4023f.dll.a -Wl,--major-image-version,0,--minor-image-version,0 ]
  ignore line: [Using built-in specs.]
  ignore line: [COLLECT_GCC=/usr/bin/i686-w64-mingw32-g++]
  ignore line: [COLLECT_LTO_WRAPPER=/usr/lib64/gcc/i686-w64-mingw32/4.9.2/lto-wrapper]
  ignore line: [Target: i686-w64-mingw32]
  ignore line: [Configured with: ../configure --prefix=/usr --bindir=/usr/bin --includedir=/usr/include --libdir=/usr/lib64 --libexecdir=/usr/lib64 --mandir=/usr/share/man --infodir=/usr/share/info --datadir=/usr/share --build=x86_64-suse-linux-gnu --host=x86_64-suse-linux-gnu --target=i686-w64-mingw32 --with-gnu-as --with-gnu-ld --verbose --without-newlib --disable-multilib --disable-plugin --with-system-zlib --disable-nls --without-included-gettext --disable-win32-registry --enable-version-specific-runtime-libs --with-sysroot=/usr/i686-w64-mingw32/sys-root --enable-languages=c,c++,fortran,objc,obj-c++,java --enable-libgcj --enable-java-gc-boehm --disable-libgcj-debug --without-x --enable-hash-synchronization --enable-fully-dynamic-strings --enable-libgomp --enable-linker-build-id]
  ignore line: [Thread model: win32]
  ignore line: [gcc version 4.9.2 (GCC) ]
  ignore line: [COMPILER_PATH=/usr/lib64/gcc/i686-w64-mingw32/4.9.2/:/usr/lib64/gcc/i686-w64-mingw32/4.9.2/:/usr/lib64/gcc/i686-w64-mingw32/:/usr/lib64/gcc/i686-w64-mingw32/4.9.2/:/usr/lib64/gcc/i686-w64-mingw32/:/usr/lib64/gcc/i686-w64-mingw32/4.9.2/../../../../i686-w64-mingw32/bin/]
  ignore line: [LIBRARY_PATH=/usr/lib64/gcc/i686-w64-mingw32/4.9.2/:/usr/lib64/gcc/i686-w64-mingw32/4.9.2/../../../../i686-w64-mingw32/lib/../lib/:/usr/i686-w64-mingw32/sys-root/mingw/lib/../lib/:/usr/lib64/gcc/i686-w64-mingw32/4.9.2/../../../../i686-w64-mingw32/lib/:/usr/i686-w64-mingw32/sys-root/mingw/lib/]
  ignore line: [COLLECT_GCC_OPTIONS='-v' '-o' 'cmTC_4023f.exe' '-shared-libgcc' '-mtune=generic' '-march=pentiumpro']
  link line: [ /usr/lib64/gcc/i686-w64-mingw32/4.9.2/collect2 -plugin /usr/lib64/gcc/i686-w64-mingw32/4.9.2/liblto_plugin.so -plugin-opt=/usr/lib64/gcc/i686-w64-mingw32/4.9.2/lto-wrapper -plugin-opt=-fresolution=/tmp/ccRMaK6v.res -plugin-opt=-pass-through=-lmingw32 -plugin-opt=-pass-through=-lgcc_s -plugin-opt=-pass-through=-lgcc -plugin-opt=-pass-through=-lmoldname -plugin-opt=-pass-through=-lmingwex -plugin-opt=-pass-through=-lmsvcrt -plugin-opt=-pass-through=-ladvapi32 -plugin-opt=-pass-through=-lshell32 -plugin-opt=-pass-through=-luser32 -plugin-opt=-pass-through=-lkernel32 -plugin-opt=-pass-through=-lmingw32 -plugin-opt=-pass-through=-lgcc_s -plugin-opt=-pass-through=-lgcc -plugin-opt=-pass-through=-lmoldname -plugin-opt=-pass-through=-lmingwex -plugin-opt=-pass-through=-lmsvcrt --sysroot=/usr/i686-w64-mingw32/sys-root --build-id -m i386pe -Bdynamic -o cmTC_4023f.exe /usr/i686-w64-mingw32/sys-root/mingw/lib/../lib/crt2.o /usr/lib64/gcc/i686-w64-mingw32/4.9.2/crtbegin.o -L/usr/lib64/gcc/i686-w64-mingw32/4.9.2 -L/usr/lib64/gcc/i686-w64-mingw32/4.9.2/../../../../i686-w64-mingw32/lib/../lib -L/usr/i686-w64-mingw32/sys-root/mingw/lib/../lib -L/usr/lib64/gcc/i686-w64-mingw32/4.9.2/../../../../i686-w64-mingw32/lib -L/usr/i686-w64-mingw32/sys-root/mingw/lib --whole-archive CMakeFiles/cmTC_4023f.dir/objects.a --no-whole-archive --out-implib libcmTC_4023f.dll.a --major-image-version 0 --minor-image-version 0 -lstdc++ -lmingw32 -lgcc_s -lgcc -lmoldname -lmingwex -lmsvcrt -ladvapi32 -lshell32 -luser32 -lkernel32 -lmingw32 -lgcc_s -lgcc -lmoldname -lmingwex -lmsvcrt /usr/lib64/gcc/i686-w64-mingw32/4.9.2/crtend.o]
    arg [/usr/lib64/gcc/i686-w64-mingw32/4.9.2/collect2] ==> ignore
    arg [-plugin] ==> ignore
    arg [/usr/lib64/gcc/i686-w64-mingw32/4.9.2/liblto_plugin.so] ==> ignore
    arg [-plugin-opt=/usr/lib64/gcc/i686-w64-mingw32/4.9.2/lto-wrapper] ==> ignore
    arg [-plugin-opt=-fresolution=/tmp/ccRMaK6v.res] ==> ignore
    arg [-plugin-opt=-pass-through=-lmingw32] ==> ignore
    arg [-plugin-opt=-pass-through=-lgcc_s] ==> ignore
    arg [-plugin-opt=-pass-through=-lgcc] ==> ignore
    arg [-plugin-opt=-pass-through=-lmoldname] ==> ignore
    arg [-plugin-opt=-pass-through=-lmingwex] ==> ignore
    arg [-plugin-opt=-pass-through=-lmsvcrt] ==> ignore
    arg [-plugin-opt=-pass-through=-ladvapi32] ==> ignore
    arg [-plugin-opt=-pass-through=-lshell32] ==> ignore
    arg [-plugin-opt=-pass-through=-luser32] ==> ignore
    arg [-plugin-opt=-pass-through=-lkernel32] ==> ignore
    arg [-plugin-opt=-pass-through=-lmingw32] ==> ignore
    arg [-plugin-opt=-pass-through=-lgcc_s] ==> ignore
    arg [-plugin-opt=-pass-through=-lgcc] ==> ignore
    arg [-plugin-opt=-pass-through=-lmoldname] ==> ignore
    arg [-plugin-opt=-pass-through=-lmingwex] ==> ignore
    arg [-plugin-opt=-pass-through=-lmsvcrt] ==> ignore
    arg [--sysroot=/usr/i686-w64-mingw32/sys-root] ==> ignore
    arg [--build-id] ==> ignore
    arg [-m] ==> ignore
    arg [i386pe] ==> ignore
    arg [-Bdynamic] ==> ignore
    arg [-o] ==> ignore
    arg [cmTC_4023f.exe] ==> ignore
    arg [/usr/i686-w64-mingw32/sys-root/mingw/lib/../lib/crt2.o] ==> ignore
    arg [/usr/lib64/gcc/i686-w64-mingw32/4.9.2/crtbegin.o] ==> ignore
    arg [-L/usr/lib64/gcc/i686-w64-mingw32/4.9.2] ==> dir [/usr/lib64/gcc/i686-w64-mingw32/4.9.2]
    arg [-L/usr/lib64/gcc/i686-w64-mingw32/4.9.2/../../../../i686-w64-mingw32/lib/../lib] ==> dir [/usr/lib64/gcc/i686-w64-mingw32/4.9.2/../../../../i686-w64-mingw32/lib/../lib]
    arg [-L/usr/i686-w64-mingw32/sys-root/mingw/lib/../lib] ==> dir [/usr/i686-w64-mingw32/sys-root/mingw/lib/../lib]
    arg [-L/usr/lib64/gcc/i686-w64-mingw32/4.9.2/../../../../i686-w64-mingw32/lib] ==> dir [/usr/lib64/gcc/i686-w64-mingw32/4.9.2/../../../../i686-w64-mingw32/lib]
    arg [-L/usr/i686-w64-mingw32/sys-root/mingw/lib] ==> dir [/usr/i686-w64-mingw32/sys-root/mingw/lib]
    arg [--whole-archive] ==> ignore
    arg [CMakeFiles/cmTC_4023f.dir/objects.a] ==> ignore
    arg [--no-whole-archive] ==> ignore
    arg [--out-implib] ==> ignore
    arg [libcmTC_4023f.dll.a] ==> ignore
    arg [--major-image-version] ==> ignore
    arg [0] ==> ignore
    arg [--minor-image-version] ==> ignore
    arg [0] ==> ignore
    arg [-lstdc++] ==> lib [stdc++]
    arg [-lmingw32] ==> lib [mingw32]
    arg [-lgcc_s] ==> lib [gcc_s]
    arg [-lgcc] ==> lib [gcc]
    arg [-lmoldname] ==> lib [moldname]
    arg [-lmingwex] ==> lib [mingwex]
    arg [-lmsvcrt] ==> lib [msvcrt]
    arg [-ladvapi32] ==> lib [advapi32]
    arg [-lshell32] ==> lib [shell32]
    arg [-luser32] ==> lib [user32]
    arg [-lkernel32] ==> lib [kernel32]
    arg [-lmingw32] ==> lib [mingw32]
    arg [-lgcc_s] ==> lib [gcc_s]
    arg [-lgcc] ==> lib [gcc]
    arg [-lmoldname] ==> lib [moldname]
    arg [-lmingwex] ==> lib [mingwex]
    arg [-lmsvcrt] ==> lib [msvcrt]
    arg [/usr/lib64/gcc/i686-w64-mingw32/4.9.2/crtend.o] ==> ignore
  remove lib [gcc_s]
  remove lib [gcc]
  remove lib [gcc_s]
  remove lib [gcc]
  collapse library dir [/usr/lib64/gcc/i686-w64-mingw32/4.9.2] ==> [/usr/lib64/gcc/i686-w64-mingw32/4.9.2]
  collapse library dir [/usr/lib64/gcc/i686-w64-mingw32/4.9.2/../../../../i686-w64-mingw32/lib/../lib] ==> [/usr/i686-w64-mingw32/lib]
  collapse library dir [/usr/i686-w64-mingw32/sys-root/mingw/lib/../lib] ==> [/usr/i686-w64-mingw32/sys-root/mingw/lib]
  collapse library dir [/usr/lib64/gcc/i686-w64-mingw32/4.9.2/../../../../i686-w64-mingw32/lib] ==> [/usr/i686-w64-mingw32/lib]
  collapse library dir [/usr/i686-w64-mingw32/sys-root/mingw/lib] ==> [/usr/i686-w64-mingw32/sys-root/mingw/lib]
  implicit libs: [stdc++;mingw32;moldname;mingwex;msvcrt;advapi32;shell32;user32;kernel32;mingw32;moldname;mingwex;msvcrt]
  implicit dirs: [/usr/lib64/gcc/i686-w64-mingw32/4.9.2;/usr/i686-w64-mingw32/lib;/usr/i686-w64-mingw32/sys-root/mingw/lib]
  implicit fwks: []




Detecting CXX [-std=c++14] compiler features compiled with the following output:
Change Dir: /home/user/build-win32/CMakeFiles/CMakeTmp

Run Build Command:"/usr/bin/gmake" "cmTC_f18ea/fast"
/usr/bin/gmake -f CMakeFiles/cmTC_f18ea.dir/build.make CMakeFiles/cmTC_f18ea.dir/build
gmake[1]: Entering directory '/home/user/build-win32/CMakeFiles/CMakeTmp'
Building CXX object CMakeFiles/cmTC_f18ea.dir/feature_tests.cxx.obj
/usr/bin/i686-w64-mingw32-g++    -std=c++14 -o CMakeFiles/cmTC_f18ea.dir/feature_tests.cxx.obj -c /home/user/build-win32/CMakeFiles/feature_tests.cxx
Linking CXX executable cmTC_f18ea.exe
/usr/bin/cmake -E cmake_link_script CMakeFiles/cmTC_f18ea.dir/link.txt --verbose=1
/usr/bin/cmake -E remove -f CMakeFiles/cmTC_f18ea.dir/objects.a
/usr/bin/i686-w64-mingw32-ar cr CMakeFiles/cmTC_f18ea.dir/objects.a @CMakeFiles/cmTC_f18ea.dir/objects1.rsp
/usr/bin/i686-w64-mingw32-g++      -Wl,--whole-archive CMakeFiles/cmTC_f18ea.dir/objects.a -Wl,--no-whole-archive  -o cmTC_f18ea.exe -Wl,--out-implib,libcmTC_f18ea.dll.a -Wl,--major-image-version,0,--minor-image-version,0 @CMakeFiles/cmTC_f18ea.dir/linklibs.rsp
gmake[1]: Leaving directory '/home/user/build-win32/CMakeFiles/CMakeTmp'


    Feature record: CXX_FEATURE:0cxx_aggregate_default_initializers
    Feature record: CXX_FEATURE:1cxx_alias_templates
    Feature record: CXX_FEATURE:1cxx_alignas
    Feature record: CXX_FEATURE:1cxx_alignof
    Feature record: CXX_FEATURE:1cxx_attributes
    Feature record: CXX_FEATURE:1cxx_attribute_deprecated
    Feature record: CXX_FEATURE:1cxx_auto_type
    Feature record: CXX_FEATURE:1cxx_binary_literals
    Feature record: CXX_FEATURE:1cxx_constexpr
    Feature record: CXX_FEATURE:1cxx_contextual_conversions
    Feature record: CXX_FEATURE:1cxx_decltype
    Feature record: CXX_FEATURE:1cxx_decltype_auto
    Feature record: CXX_FEATURE:1cxx_decltype_incomplete_return_types
    Feature record: CXX_FEATURE:1cxx_default_function_template_args
    Feature record: CXX_FEATURE:1cxx_defaulted_functions
    Feature record: CXX_FEATURE:1cxx_defaulted_move_initializers
    Feature record: CXX_FEATURE:1cxx_delegating_constructors
    Feature record: CXX_FEATURE:1cxx_deleted_functions
    Feature record: CXX_FEATURE:1cxx_digit_separators
    Feature record: CXX_FEATURE:1cxx_enum_forward_declarations
    Feature record: CXX_FEATURE:1cxx_explicit_conversions
    Feature record: CXX_FEATURE:1cxx_extended_friend_declarations
    Feature record: CXX_FEATURE:1cxx_extern_templates
    Feature record: CXX_FEATURE:1cxx_final
    Feature record: CXX_FEATURE:1cxx_func_identifier
    Feature record: CXX_FEATURE:1cxx_generalized_initializers
    Feature record: CXX_FEATURE:1cxx_generic_lambdas
    Feature record: CXX_FEATURE:1cxx_inheriting_constructors
    Feature record: CXX_FEATURE:1cxx_inline_namespaces
    Feature record: CXX_FEATURE:1cxx_lambdas
    Feature record: CXX_FEATURE:1cxx_lambda_init_captures
    Feature record: CXX_FEATURE:1cxx_local_type_template_args
    Feature record: CXX_FEATURE:1cxx_long_long_type
    Feature record: CXX_FEATURE:1cxx_noexcept
    Feature record: CXX_FEATURE:1cxx_nonstatic_member_init
    Feature record: CXX_FEATURE:1cxx_nullptr
    Feature record: CXX_FEATURE:1cxx_override
    Feature record: CXX_FEATURE:1cxx_range_for
    Feature record: CXX_FEATURE:1cxx_raw_string_literals
    Feature record: CXX_FEATURE:1cxx_reference_qualified_functions
    Feature record: CXX_FEATURE:0cxx_relaxed_constexpr
    Feature record: CXX_FEATURE:1cxx_return_type_deduction
    Feature record: CXX_FEATURE:1cxx_right_angle_brackets
    Feature record: CXX_FEATURE:1cxx_rvalue_references
    Feature record: CXX_FEATURE:1cxx_sizeof_member
    Feature record: CXX_FEATURE:1cxx_static_assert
    Feature record: CXX_FEATURE:1cxx_strong_enums
    Feature record: CXX_FEATURE:1cxx_template_template_parameters
    Feature record: CXX_FEATURE:1cxx_thread_local
    Feature record: CXX_FEATURE:1cxx_trailing_return_types
    Feature record: CXX_FEATURE:1cxx_unicode_literals
    Feature record: CXX_FEATURE:1cxx_uniform_initialization
    Feature record: CXX_FEATURE:1cxx_unrestricted_unions
    Feature record: CXX_FEATURE:1cxx_user_literals
    Feature record: CXX_FEATURE:0cxx_variable_templates
    Feature record: CXX_FEATURE:1cxx_variadic_macros
    Feature record: CXX_FEATURE:1cxx_variadic_templates


Detecting CXX [-std=c++11] compiler features compiled with the following output:
Change Dir: /home/user/build-win32/CMakeFiles/CMakeTmp

Run Build Command:"/usr/bin/gmake" "cmTC_cc699/fast"
/usr/bin/gmake -f CMakeFiles/cmTC_cc699.dir/build.make CMakeFiles/cmTC_cc699.dir/build
gmake[1]: Entering directory '/home/user/build-win32/CMakeFiles/CMakeTmp'
Building CXX object CMakeFiles/cmTC_cc699.dir/feature_tests.cxx.obj
/usr/bin/i686-w64-mingw32-g++    -std=c++11 -o CMakeFiles/cmTC_cc699.dir/feature_tests.cxx.obj -c /home/user/build-win32/CMakeFiles/feature_tests.cxx
Linking CXX executable cmTC_cc699.exe
/usr/bin/cmake -E cmake_link_script CMakeFiles/cmTC_cc699.dir/link.txt --verbose=1
/usr/bin/cmake -E remove -f CMakeFiles/cmTC_cc699.dir/objects.a
/usr/bin/i686-w64-mingw32-ar cr CMakeFiles/cmTC_cc699.dir/objects.a @CMakeFiles/cmTC_cc699.dir/objects1.rsp
/usr/bin/i686-w64-mingw32-g++      -Wl,--whole-archive CMakeFiles/cmTC_cc699.dir/objects.a -Wl,--no-whole-archive  -o cmTC_cc699.exe -Wl,--out-implib,libcmTC_cc699.dll.a -Wl,--major-image-version,0,--minor-image-version,0 @CMakeFiles/cmTC_cc699.dir/linklibs.rsp
gmake[1]: Leaving directory '/home/user/build-win32/CMakeFiles/CMakeTmp'


    Feature record: CXX_FEATURE:0cxx_aggregate_default_initializers
    Feature record: CXX_FEATURE:1cxx_alias_templates
    Feature record: CXX_FEATURE:1cxx_alignas
    Feature record: CXX_FEATURE:1cxx_alignof
    Feature record: CXX_FEATURE:1cxx_attributes
    Feature record: CXX_FEATURE:0cxx_attribute_deprecated
    Feature record: CXX_FEATURE:1cxx_auto_type
    Feature record: CXX_FEATURE:0cxx_binary_literals
    Feature record: CXX_FEATURE:1cxx_constexpr
    Feature record: CXX_FEATURE:0cxx_contextual_conversions
    Feature record: CXX_FEATURE:1cxx_decltype
    Feature record: CXX_FEATURE:0cxx_decltype_auto
    Feature record: CXX_FEATURE:1cxx_decltype_incomplete_return_types
    Feature record: CXX_FEATURE:1cxx_default_function_template_args
    Feature record: CXX_FEATURE:1cxx_defaulted_functions
    Feature record: CXX_FEATURE:1cxx_defaulted_move_initializers
    Feature record: CXX_FEATURE:1cxx_delegating_constructors
    Feature record: CXX_FEATURE:1cxx_deleted_functions
    Feature record: CXX_FEATURE:0cxx_digit_separators
    Feature record: CXX_FEATURE:1cxx_enum_forward_declarations
    Feature record: CXX_FEATURE:1cxx_explicit_conversions
    Feature record: CXX_FEATURE:1cxx_extended_friend_declarations
    Feature record: CXX_FEATURE:1cxx_extern_templates
    Feature record: CXX_FEATURE:1cxx_final
    Feature record: CXX_FEATURE:1cxx_func_identifier
    Feature record: CXX_FEATURE:1cxx_generalized_initializers
    Feature record: CXX_FEATURE:0cxx_generic_lambdas
    Feature record: CXX_FEATURE:1cxx_inheriting_constructors
    Feature record: CXX_FEATURE:1cxx_inline_namespaces
    Feature record: CXX_FEATURE:1cxx_lambdas
    Feature record: CXX_FEATURE:0cxx_lambda_init_captures
    Feature record: CXX_FEATURE:1cxx_local_type_template_args
    Feature record: CXX_FEATURE:1cxx_long_long_type
    Feature record: CXX_FEATURE:1cxx_noexcept
    Feature record: CXX_FEATURE:1cxx_nonstatic_member_init
    Feature record: CXX_FEATURE:1cxx_nullptr
    Feature record: CXX_FEATURE:1cxx_override
    Feature record: CXX_FEATURE:1cxx_range_for
    Feature record: CXX_FEATURE:1cxx_raw_string_literals
    Feature record: CXX_FEATURE:1cxx_reference_qualified_functions
    Feature record: CXX_FEATURE:0cxx_relaxed_constexpr
    Feature record: CXX_FEATURE:0cxx_return_type_deduction
    Feature record: CXX_FEATURE:1cxx_right_angle_brackets
    Feature record: CXX_FEATURE:1cxx_rvalue_references
    Feature record: CXX_FEATURE:1cxx_sizeof_member
    Feature record: CXX_FEATURE:1cxx_static_assert
    Feature record: CXX_FEATURE:1cxx_strong_enums
    Feature record: CXX_FEATURE:1cxx_template_template_parameters
    Feature record: CXX_FEATURE:1cxx_thread_local
    Feature record: CXX_FEATURE:1cxx_trailing_return_types
    Feature record: CXX_FEATURE:1cxx_unicode_literals
    Feature record: CXX_FEATURE:1cxx_uniform_initialization
    Feature record: CXX_FEATURE:1cxx_unrestricted_unions
    Feature record: CXX_FEATURE:1cxx_user_literals
    Feature record: CXX_FEATURE:0cxx_variable_templates
    Feature record: CXX_FEATURE:1cxx_variadic_macros
    Feature record: CXX_FEATURE:1cxx_variadic_templates


Detecting CXX [-std=c++98] compiler features compiled with the following output:
Change Dir: /home/user/build-win32/CMakeFiles/CMakeTmp

Run Build Command:"/usr/bin/gmake" "cmTC_2c142/fast"
/usr/bin/gmake -f CMakeFiles/cmTC_2c142.dir/build.make CMakeFiles/cmTC_2c142.dir/build
gmake[1]: Entering directory '/home/user/build-win32/CMakeFiles/CMakeTmp'
Building CXX object CMakeFiles/cmTC_2c142.dir/feature_tests.cxx.obj
/usr/bin/i686-w64-mingw32-g++    -std=c++98 -o CMakeFiles/cmTC_2c142.dir/feature_tests.cxx.obj -c /home/user/build-win32/CMakeFiles/feature_tests.cxx
Linking CXX executable cmTC_2c142.exe
/usr/bin/cmake -E cmake_link_script CMakeFiles/cmTC_2c142.dir/link.txt --verbose=1
/usr/bin/cmake -E remove -f CMakeFiles/cmTC_2c142.dir/objects.a
/usr/bin/i686-w64-mingw32-ar cr CMakeFiles/cmTC_2c142.dir/objects.a @CMakeFiles/cmTC_2c142.dir/objects1.rsp
/usr/bin/i686-w64-mingw32-g++      -Wl,--whole-archive CMakeFiles/cmTC_2c142.dir/objects.a -Wl,--no-whole-archive  -o cmTC_2c142.exe -Wl,--out-implib,libcmTC_2c142.dll.a -Wl,--major-image-version,0,--minor-image-version,0 @CMakeFiles/cmTC_2c142.dir/linklibs.rsp
gmake[1]: Leaving directory '/home/user/build-win32/CMakeFiles/CMakeTmp'


    Feature record: CXX_FEATURE:0cxx_aggregate_default_initializers
    Feature record: CXX_FEATURE:0cxx_alias_templates
    Feature record: CXX_FEATURE:0cxx_alignas
    Feature record: CXX_FEATURE:0cxx_alignof
    Feature record: CXX_FEATURE:0cxx_attributes
    Feature record: CXX_FEATURE:0cxx_attribute_deprecated
    Feature record: CXX_FEATURE:0cxx_auto_type
    Feature record: CXX_FEATURE:0cxx_binary_literals
    Feature record: CXX_FEATURE:0cxx_constexpr
    Feature record: CXX_FEATURE:0cxx_contextual_conversions
    Feature record: CXX_FEATURE:0cxx_decltype
    Feature record: CXX_FEATURE:0cxx_decltype_auto
    Feature record: CXX_FEATURE:0cxx_decltype_incomplete_return_types
    Feature record: CXX_FEATURE:0cxx_default_function_template_args
    Feature record: CXX_FEATURE:0cxx_defaulted_functions
    Feature record: CXX_FEATURE:0cxx_defaulted_move_initializers
    Feature record: CXX_FEATURE:0cxx_delegating_constructors
    Feature record: CXX_FEATURE:0cxx_deleted_functions
    Feature record: CXX_FEATURE:0cxx_digit_separators
    Feature record: CXX_FEATURE:0cxx_enum_forward_declarations
    Feature record: CXX_FEATURE:0cxx_explicit_conversions
    Feature record: CXX_FEATURE:0cxx_extended_friend_declarations
    Feature record: CXX_FEATURE:0cxx_extern_templates
    Feature record: CXX_FEATURE:0cxx_final
    Feature record: CXX_FEATURE:0cxx_func_identifier
    Feature record: CXX_FEATURE:0cxx_generalized_initializers
    Feature record: CXX_FEATURE:0cxx_generic_lambdas
    Feature record: CXX_FEATURE:0cxx_inheriting_constructors
    Feature record: CXX_FEATURE:0cxx_inline_namespaces
    Feature record: CXX_FEATURE:0cxx_lambdas
    Feature record: CXX_FEATURE:0cxx_lambda_init_captures
    Feature record: CXX_FEATURE:0cxx_local_type_template_args
    Feature record: CXX_FEATURE:0cxx_long_long_type
    Feature record: CXX_FEATURE:0cxx_noexcept
    Feature record: CXX_FEATURE:0cxx_nonstatic_member_init
    Feature record: CXX_FEATURE:0cxx_nullptr
    Feature record: CXX_FEATURE:0cxx_override
    Feature record: CXX_FEATURE:0cxx_range_for
    Feature record: CXX_FEATURE:0cxx_raw_string_literals
    Feature record: CXX_FEATURE:0cxx_reference_qualified_functions
    Feature record: CXX_FEATURE:0cxx_relaxed_constexpr
    Feature record: CXX_FEATURE:0cxx_return_type_deduction
    Feature record: CXX_FEATURE:0cxx_right_angle_brackets
    Feature record: CXX_FEATURE:0cxx_rvalue_references
    Feature record: CXX_FEATURE:0cxx_sizeof_member
    Feature record: CXX_FEATURE:0cxx_static_assert
    Feature record: CXX_FEATURE:0cxx_strong_enums
    Feature record: CXX_FEATURE:1cxx_template_template_parameters
    Feature record: CXX_FEATURE:0cxx_thread_local
    Feature record: CXX_FEATURE:0cxx_trailing_return_types
    Feature record: CXX_FEATURE:0cxx_unicode_literals
    Feature record: CXX_FEATURE:0cxx_uniform_initialization
    Feature record: CXX_FEATURE:0cxx_unrestricted_unions
    Feature record: CXX_FEATURE:0cxx_user_literals
    Feature record: CXX_FEATURE:0cxx_variable_templates
    Feature record: CXX_FEATURE:0cxx_variadic_macros
    Feature record: CXX_FEATURE:0cxx_variadic_templates
Performing C SOURCE FILE Test WITH_FPIC succeeded with the following output:
Change Dir: /home/user/build-win32/CMakeFiles/CMakeTmp

Run Build Command:"/usr/bin/gmake" "cmTC_b8dc2/fast"
/usr/bin/gmake -f CMakeFiles/cmTC_b8dc2.dir/build.make CMakeFiles/cmTC_b8dc2.dir/build
gmake[1]: Entering directory '/home/user/build-win32/CMakeFiles/CMakeTmp'
Building C object CMakeFiles/cmTC_b8dc2.dir/src.c.obj
/usr/bin/i686-w64-mingw32-gcc   -Wall -Wextra -Wshadow -Wmissing-prototypes -Wunused -Wfloat-equal -Wpointer-arith -Wwrite-strings -Wformat-security -Wmissing-format-attribute -Wmissing-format-attribute -D_GNU_SOURCE -D__STDC_FORMAT_MACROS=1 -DWITH_FPIC   -fPIC -o CMakeFiles/cmTC_b8dc2.dir/src.c.obj   -c /home/user/build-win32/CMakeFiles/CMakeTmp/src.c
/home/user/build-win32/CMakeFiles/CMakeTmp/src.c:1:0: warning: -fPIC ignored for target (all code is position independent)
 int main(void) { return 0; }
 ^
Linking C executable cmTC_b8dc2.exe
/usr/bin/cmake -E cmake_link_script CMakeFiles/cmTC_b8dc2.dir/link.txt --verbose=1
/usr/bin/cmake -E remove -f CMakeFiles/cmTC_b8dc2.dir/objects.a
/usr/bin/i686-w64-mingw32-ar cr CMakeFiles/cmTC_b8dc2.dir/objects.a @CMakeFiles/cmTC_b8dc2.dir/objects1.rsp
/usr/bin/i686-w64-mingw32-gcc  -Wall -Wextra -Wshadow -Wmissing-prototypes -Wunused -Wfloat-equal -Wpointer-arith -Wwrite-strings -Wformat-security -Wmissing-format-attribute -Wmissing-format-attribute -D_GNU_SOURCE -D__STDC_FORMAT_MACROS=1 -DWITH_FPIC    -Wl,--whole-archive CMakeFiles/cmTC_b8dc2.dir/objects.a -Wl,--no-whole-archive  -o cmTC_b8dc2.exe -Wl,--out-implib,libcmTC_b8dc2.dll.a -Wl,--major-image-version,0,--minor-image-version,0 @CMakeFiles/cmTC_b8dc2.dir/linklibs.rsp
gmake[1]: Leaving directory '/home/user/build-win32/CMakeFiles/CMakeTmp'

Source file was:
int main(void) { return 0; }
Determining if the function asprintf exists passed with the following output:
Change Dir: /home/user/build-win32/CMakeFiles/CMakeTmp

Run Build Command:"/usr/bin/gmake" "cmTC_f2ec4/fast"
/usr/bin/gmake -f CMakeFiles/cmTC_f2ec4.dir/build.make CMakeFiles/cmTC_f2ec4.dir/build
gmake[1]: Entering directory '/home/user/build-win32/CMakeFiles/CMakeTmp'
Building C object CMakeFiles/cmTC_f2ec4.dir/CheckFunctionExists.c.obj
/usr/bin/i686-w64-mingw32-gcc   -Wall -Wextra -Wshadow -Wmissing-prototypes -Wunused -Wfloat-equal -Wpointer-arith -Wwrite-strings -Wformat-security -Wmissing-format-attribute -Wmissing-format-attribute -D_GNU_SOURCE -D__STDC_FORMAT_MACROS=1 -D_FILE_OFFSET_BITS=64 -DCHECK_FUNCTION_EXISTS=asprintf   -o CMakeFiles/cmTC_f2ec4.dir/CheckFunctionExists.c.obj   -c /usr/share/cmake/Modules/CheckFunctionExists.c
Linking C executable cmTC_f2ec4.exe
/usr/bin/cmake -E cmake_link_script CMakeFiles/cmTC_f2ec4.dir/link.txt --verbose=1
/usr/bin/cmake -E remove -f CMakeFiles/cmTC_f2ec4.dir/objects.a
/usr/bin/i686-w64-mingw32-ar cr CMakeFiles/cmTC_f2ec4.dir/objects.a @CMakeFiles/cmTC_f2ec4.dir/objects1.rsp
/usr/bin/i686-w64-mingw32-gcc  -Wall -Wextra -Wshadow -Wmissing-prototypes -Wunused -Wfloat-equal -Wpointer-arith -Wwrite-strings -Wformat-security -Wmissing-format-attribute -Wmissing-format-attribute -D_GNU_SOURCE -D__STDC_FORMAT_MACROS=1 -D_FILE_OFFSET_BITS=64 -DCHECK_FUNCTION_EXISTS=asprintf    -Wl,--whole-archive CMakeFiles/cmTC_f2ec4.dir/objects.a -Wl,--no-whole-archive  -o cmTC_f2ec4.exe -Wl,--out-implib,libcmTC_f2ec4.dll.a -Wl,--major-image-version,0,--minor-image-version,0 @CMakeFiles/cmTC_f2ec4.dir/linklibs.rsp
gmake[1]: Leaving directory '/home/user/build-win32/CMakeFiles/CMakeTmp'


Determining if the function __mingw_asprintf exists passed with the following output:
Change Dir: /home/user/build-win32/CMakeFiles/CMakeTmp

Run Build Command:"/usr/bin/gmake" "cmTC_3672e/fast"
/usr/bin/gmake -f CMakeFiles/cmTC_3672e.dir/build.make CMakeFiles/cmTC_3672e.dir/build
gmake[1]: Entering directory '/home/user/build-win32/CMakeFiles/CMakeTmp'
Building C object CMakeFiles/cmTC_3672e.dir/CheckFunctionExists.c.obj
/usr/bin/i686-w64-mingw32-gcc   -Wall -Wextra -Wshadow -Wmissing-prototypes -Wunused -Wfloat-equal -Wpointer-arith -Wwrite-strings -Wformat-security -Wmissing-format-attribute -Wmissing-format-attribute -D_GNU_SOURCE -D__STDC_FORMAT_MACROS=1 -D_FILE_OFFSET_BITS=64 -DCHECK_FUNCTION_EXISTS=__mingw_asprintf   -o CMakeFiles/cmTC_3672e.dir/CheckFunctionExists.c.obj   -c /usr/share/cmake/Modules/CheckFunctionExists.c
Linking C executable cmTC_3672e.exe
/usr/bin/cmake -E cmake_link_script CMakeFiles/cmTC_3672e.dir/link.txt --verbose=1
/usr/bin/cmake -E remove -f CMakeFiles/cmTC_3672e.dir/objects.a
/usr/bin/i686-w64-mingw32-ar cr CMakeFiles/cmTC_3672e.dir/objects.a @CMakeFiles/cmTC_3672e.dir/objects1.rsp
/usr/bin/i686-w64-mingw32-gcc  -Wall -Wextra -Wshadow -Wmissing-prototypes -Wunused -Wfloat-equal -Wpointer-arith -Wwrite-strings -Wformat-security -Wmissing-format-attribute -Wmissing-format-attribute -D_GNU_SOURCE -D__STDC_FORMAT_MACROS=1 -D_FILE_OFFSET_BITS=64 -DCHECK_FUNCTION_EXISTS=__mingw_asprintf    -Wl,--whole-archive CMakeFiles/cmTC_3672e.dir/objects.a -Wl,--no-whole-archive  -o cmTC_3672e.exe -Wl,--out-implib,libcmTC_3672e.dll.a -Wl,--major-image-version,0,--minor-image-version,0 @CMakeFiles/cmTC_3672e.dir/linklibs.rsp
gmake[1]: Leaving directory '/home/user/build-win32/CMakeFiles/CMakeTmp'


Performing C++ SOURCE FILE Test COMPILER_HAS_DEPRECATED_ATTR succeeded with the following output:
Change Dir: /home/user/build-win32/CMakeFiles/CMakeTmp

Run Build Command:"/usr/bin/gmake" "cmTC_61509/fast"
/usr/bin/gmake -f CMakeFiles/cmTC_61509.dir/build.make CMakeFiles/cmTC_61509.dir/build
gmake[1]: Entering directory '/home/user/build-win32/CMakeFiles/CMakeTmp'
Building CXX object CMakeFiles/cmTC_61509.dir/src.cxx.obj
/usr/bin/i686-w64-mingw32-g++    -Wall -Wextra -pedantic -Wno-long-long -std=c++0x -Wpedantic -DCOMPILER_HAS_DEPRECATED_ATTR   -o CMakeFiles/cmTC_61509.dir/src.cxx.obj -c /home/user/build-win32/CMakeFiles/CMakeTmp/src.cxx
/home/user/build-win32/CMakeFiles/CMakeTmp/src.cxx: In function 'int main()':
/home/user/build-win32/CMakeFiles/CMakeTmp/src.cxx:2:25: warning: 'int somefunc()' is deprecated (declared at /home/user/build-win32/CMakeFiles/CMakeTmp/src.cxx:1) [-Wdeprecated-declarations]
     int main() { return somefunc();}
                         ^
/home/user/build-win32/CMakeFiles/CMakeTmp/src.cxx:2:34: warning: 'int somefunc()' is deprecated (declared at /home/user/build-win32/CMakeFiles/CMakeTmp/src.cxx:1) [-Wdeprecated-declarations]
     int main() { return somefunc();}
                                  ^
Linking CXX executable cmTC_61509.exe
/usr/bin/cmake -E cmake_link_script CMakeFiles/cmTC_61509.dir/link.txt --verbose=1
/usr/bin/cmake -E remove -f CMakeFiles/cmTC_61509.dir/objects.a
/usr/bin/i686-w64-mingw32-ar cr CMakeFiles/cmTC_61509.dir/objects.a @CMakeFiles/cmTC_61509.dir/objects1.rsp
/usr/bin/i686-w64-mingw32-g++  -Wall -Wextra -pedantic -Wno-long-long -std=c++0x -Wpedantic -DCOMPILER_HAS_DEPRECATED_ATTR    -Wl,--whole-archive CMakeFiles/cmTC_61509.dir/objects.a -Wl,--no-whole-archive  -o cmTC_61509.exe -Wl,--out-implib,libcmTC_61509.dll.a -Wl,--major-image-version,0,--minor-image-version,0 @CMakeFiles/cmTC_61509.dir/linklibs.rsp
gmake[1]: Leaving directory '/home/user/build-win32/CMakeFiles/CMakeTmp'

Source file was:
__attribute__((__deprecated__)) int somefunc() { return 0; }
    int main() { return somefunc();}
