c:\users\sylva\work\mokapress-v2-code\client\shell_integration\windows\ocoverlays\release\x64\vc141.pdb
c:\users\sylva\work\mokapress-v2-code\client\shell_integration\windows\ocoverlays\release\x64\stdafx.obj
c:\users\sylva\work\mokapress-v2-code\client\shell_integration\windows\ocoverlays\release\x64\ocoverlayregistrationhandler.obj
c:\users\sylva\work\mokapress-v2-code\client\shell_integration\windows\ocoverlays\release\x64\ocoverlayfactory.obj
c:\users\sylva\work\mokapress-v2-code\client\shell_integration\windows\ocoverlays\release\x64\ocoverlay.obj
c:\users\sylva\work\mokapress-v2-code\client\shell_integration\windows\ocoverlays\release\x64\dllmain.obj
c:\users\sylva\work\mokapress-v2-code\client\binary\shell_integration\windows\release\x64\ocoverlays_x64.dll
c:\users\sylva\work\mokapress-v2-code\client\binary\shell_integration\windows\release\x64\ocoverlays_x64.pdb
c:\users\sylva\work\mokapress-v2-code\client\binary\shell_integration\windows\release\x64\ocoverlays_x64.lib
c:\users\sylva\work\mokapress-v2-code\client\binary\shell_integration\windows\release\x64\ocoverlays_x64.exp
c:\users\sylva\work\mokapress-v2-code\client\binary\shell_integration\windows\release\x64\ocoverlays_x64.ipdb
c:\users\sylva\work\mokapress-v2-code\client\binary\shell_integration\windows\release\x64\ocoverlays_x64.iobj
c:\users\sylva\work\mokapress-v2-code\client\shell_integration\windows\ocoverlays\release\x64\ocoverlay.res
c:\users\sylva\work\mokapress-v2-code\client\shell_integration\windows\..\..\binary\shell_integration\windows\release\x64\ocoverlays_x64.pdb
c:\users\sylva\work\mokapress-v2-code\client\shell_integration\windows\..\..\binary\shell_integration\windows\release\x64\ocoverlays_x64.dll
c:\users\sylva\work\mokapress-v2-code\client\shell_integration\windows\ocoverlays\release\x64\ocoverlays.tlog\cl.command.1.tlog
c:\users\sylva\work\mokapress-v2-code\client\shell_integration\windows\ocoverlays\release\x64\ocoverlays.tlog\cl.read.1.tlog
c:\users\sylva\work\mokapress-v2-code\client\shell_integration\windows\ocoverlays\release\x64\ocoverlays.tlog\cl.write.1.tlog
c:\users\sylva\work\mokapress-v2-code\client\shell_integration\windows\ocoverlays\release\x64\ocoverlays.tlog\link.command.1.tlog
c:\users\sylva\work\mokapress-v2-code\client\shell_integration\windows\ocoverlays\release\x64\ocoverlays.tlog\link.read.1.tlog
c:\users\sylva\work\mokapress-v2-code\client\shell_integration\windows\ocoverlays\release\x64\ocoverlays.tlog\link.write.1.tlog
c:\users\sylva\work\mokapress-v2-code\client\shell_integration\windows\ocoverlays\release\x64\ocoverlays.tlog\ocoverlays.write.1u.tlog
c:\users\sylva\work\mokapress-v2-code\client\shell_integration\windows\ocoverlays\release\x64\ocoverlays.tlog\rc.command.1.tlog
c:\users\sylva\work\mokapress-v2-code\client\shell_integration\windows\ocoverlays\release\x64\ocoverlays.tlog\rc.read.1.tlog
c:\users\sylva\work\mokapress-v2-code\client\shell_integration\windows\ocoverlays\release\x64\ocoverlays.tlog\rc.write.1.tlog
