c:\users\sylva\work\mokapress-v2-code\client\shell_integration\windows\ocutil\release\win32\ocutil_x86.pch
c:\users\sylva\work\mokapress-v2-code\client\shell_integration\windows\ocutil\release\win32\vc141.pdb
c:\users\sylva\work\mokapress-v2-code\client\shell_integration\windows\ocutil\release\win32\stdafx.obj
c:\users\sylva\work\mokapress-v2-code\client\shell_integration\windows\ocutil\release\win32\stringutil.obj
c:\users\sylva\work\mokapress-v2-code\client\shell_integration\windows\ocutil\release\win32\registryutil.obj
c:\users\sylva\work\mokapress-v2-code\client\shell_integration\windows\ocutil\release\win32\fileutil.obj
c:\users\sylva\work\mokapress-v2-code\client\shell_integration\windows\ocutil\release\win32\remotepathchecker.obj
c:\users\sylva\work\mokapress-v2-code\client\shell_integration\windows\ocutil\release\win32\communicationsocket.obj
c:\users\sylva\work\mokapress-v2-code\client\binary\shell_integration\windows\release\win32\ocutil_x86.dll
c:\users\sylva\work\mokapress-v2-code\client\binary\shell_integration\windows\release\win32\ocutil_x86.pdb
c:\users\sylva\work\mokapress-v2-code\client\binary\shell_integration\windows\release\win32\ocutil_x86.lib
c:\users\sylva\work\mokapress-v2-code\client\binary\shell_integration\windows\release\win32\ocutil_x86.exp
c:\users\sylva\work\mokapress-v2-code\client\binary\shell_integration\windows\release\win32\ocutil_x86.ipdb
c:\users\sylva\work\mokapress-v2-code\client\binary\shell_integration\windows\release\win32\ocutil_x86.iobj
c:\users\sylva\work\mokapress-v2-code\client\shell_integration\windows\..\..\binary\shell_integration\windows\release\win32\ocutil_x86.pdb
c:\users\sylva\work\mokapress-v2-code\client\shell_integration\windows\..\..\binary\shell_integration\windows\release\win32\ocutil_x86.dll
c:\users\sylva\work\mokapress-v2-code\client\shell_integration\windows\ocutil\release\win32\ocutil.tlog\cl.command.1.tlog
c:\users\sylva\work\mokapress-v2-code\client\shell_integration\windows\ocutil\release\win32\ocutil.tlog\cl.read.1.tlog
c:\users\sylva\work\mokapress-v2-code\client\shell_integration\windows\ocutil\release\win32\ocutil.tlog\cl.write.1.tlog
c:\users\sylva\work\mokapress-v2-code\client\shell_integration\windows\ocutil\release\win32\ocutil.tlog\link.command.1.tlog
c:\users\sylva\work\mokapress-v2-code\client\shell_integration\windows\ocutil\release\win32\ocutil.tlog\link.read.1.tlog
c:\users\sylva\work\mokapress-v2-code\client\shell_integration\windows\ocutil\release\win32\ocutil.tlog\link.write.1.tlog
c:\users\sylva\work\mokapress-v2-code\client\shell_integration\windows\ocutil\release\win32\ocutil.tlog\ocutil.write.1u.tlog
