c:\users\sylva\work\mokapress-v2-code\client\shell_integration\windows\occontextmenu\release\win32\occontextmenu_x86.pch
c:\users\sylva\work\mokapress-v2-code\client\shell_integration\windows\occontextmenu\release\win32\vc141.pdb
c:\users\sylva\work\mokapress-v2-code\client\shell_integration\windows\occontextmenu\release\win32\stdafx.obj
c:\users\sylva\work\mokapress-v2-code\client\shell_integration\windows\occontextmenu\release\win32\dllmain.obj
c:\users\sylva\work\mokapress-v2-code\client\shell_integration\windows\occontextmenu\release\win32\occontextmenufactory.obj
c:\users\sylva\work\mokapress-v2-code\client\shell_integration\windows\occontextmenu\release\win32\occontextmenureghandler.obj
c:\users\sylva\work\mokapress-v2-code\client\shell_integration\windows\occontextmenu\release\win32\occontextmenu.obj
c:\users\sylva\work\mokapress-v2-code\client\shell_integration\windows\occontextmenu\release\win32\occlientinterface.obj
c:\users\sylva\work\mokapress-v2-code\client\binary\shell_integration\windows\release\win32\occontextmenu_x86.dll
c:\users\sylva\work\mokapress-v2-code\client\binary\shell_integration\windows\release\win32\occontextmenu_x86.pdb
c:\users\sylva\work\mokapress-v2-code\client\binary\shell_integration\windows\release\win32\occontextmenu_x86.lib
c:\users\sylva\work\mokapress-v2-code\client\binary\shell_integration\windows\release\win32\occontextmenu_x86.exp
c:\users\sylva\work\mokapress-v2-code\client\binary\shell_integration\windows\release\win32\occontextmenu_x86.ipdb
c:\users\sylva\work\mokapress-v2-code\client\binary\shell_integration\windows\release\win32\occontextmenu_x86.iobj
c:\users\sylva\work\mokapress-v2-code\client\shell_integration\windows\occontextmenu\release\win32\occontextmenu.res
c:\users\sylva\work\mokapress-v2-code\client\shell_integration\windows\..\..\binary\shell_integration\windows\release\win32\occontextmenu_x86.pdb
c:\users\sylva\work\mokapress-v2-code\client\shell_integration\windows\..\..\binary\shell_integration\windows\release\win32\occontextmenu_x86.dll
c:\users\sylva\work\mokapress-v2-code\client\shell_integration\windows\occontextmenu\release\win32\occontextmenu.tlog\cl.command.1.tlog
c:\users\sylva\work\mokapress-v2-code\client\shell_integration\windows\occontextmenu\release\win32\occontextmenu.tlog\cl.read.1.tlog
c:\users\sylva\work\mokapress-v2-code\client\shell_integration\windows\occontextmenu\release\win32\occontextmenu.tlog\cl.write.1.tlog
c:\users\sylva\work\mokapress-v2-code\client\shell_integration\windows\occontextmenu\release\win32\occontextmenu.tlog\link.command.1.tlog
c:\users\sylva\work\mokapress-v2-code\client\shell_integration\windows\occontextmenu\release\win32\occontextmenu.tlog\link.read.1.tlog
c:\users\sylva\work\mokapress-v2-code\client\shell_integration\windows\occontextmenu\release\win32\occontextmenu.tlog\link.write.1.tlog
c:\users\sylva\work\mokapress-v2-code\client\shell_integration\windows\occontextmenu\release\win32\occontextmenu.tlog\occontextmenu.write.1u.tlog
c:\users\sylva\work\mokapress-v2-code\client\shell_integration\windows\occontextmenu\release\win32\occontextmenu.tlog\rc.command.1.tlog
c:\users\sylva\work\mokapress-v2-code\client\shell_integration\windows\occontextmenu\release\win32\occontextmenu.tlog\rc.read.1.tlog
c:\users\sylva\work\mokapress-v2-code\client\shell_integration\windows\occontextmenu\release\win32\occontextmenu.tlog\rc.write.1.tlog
