c:\users\sylva\work\mokapress-v2-code\client\shell_integration\windows\occontextmenu\release\x64\vc141.pdb
c:\users\sylva\work\mokapress-v2-code\client\shell_integration\windows\occontextmenu\release\x64\stdafx.obj
c:\users\sylva\work\mokapress-v2-code\client\shell_integration\windows\occontextmenu\release\x64\occontextmenufactory.obj
c:\users\sylva\work\mokapress-v2-code\client\shell_integration\windows\occontextmenu\release\x64\occontextmenureghandler.obj
c:\users\sylva\work\mokapress-v2-code\client\shell_integration\windows\occontextmenu\release\x64\occontextmenu.obj
c:\users\sylva\work\mokapress-v2-code\client\shell_integration\windows\occontextmenu\release\x64\occlientinterface.obj
c:\users\sylva\work\mokapress-v2-code\client\shell_integration\windows\occontextmenu\release\x64\dllmain.obj
c:\users\sylva\work\mokapress-v2-code\client\binary\shell_integration\windows\release\x64\occontextmenu_x64.ilk
c:\users\sylva\work\mokapress-v2-code\client\binary\shell_integration\windows\release\x64\occontextmenu_x64.dll
c:\users\sylva\work\mokapress-v2-code\client\binary\shell_integration\windows\release\x64\occontextmenu_x64.pdb
c:\users\sylva\work\mokapress-v2-code\client\binary\shell_integration\windows\release\x64\occontextmenu_x64.lib
c:\users\sylva\work\mokapress-v2-code\client\binary\shell_integration\windows\release\x64\occontextmenu_x64.exp
c:\users\sylva\work\mokapress-v2-code\client\shell_integration\windows\occontextmenu\release\x64\occontextmenu.res
c:\users\sylva\work\mokapress-v2-code\client\shell_integration\windows\..\..\binary\shell_integration\windows\release\x64\occontextmenu_x64.pdb
c:\users\sylva\work\mokapress-v2-code\client\shell_integration\windows\..\..\binary\shell_integration\windows\release\x64\occontextmenu_x64.dll
c:\users\sylva\work\mokapress-v2-code\client\shell_integration\windows\..\..\binary\shell_integration\windows\release\x64\occontextmenu_x64.ilk
c:\users\sylva\work\mokapress-v2-code\client\shell_integration\windows\occontextmenu\release\x64\occontextmenu.tlog\cl.command.1.tlog
c:\users\sylva\work\mokapress-v2-code\client\shell_integration\windows\occontextmenu\release\x64\occontextmenu.tlog\cl.read.1.tlog
c:\users\sylva\work\mokapress-v2-code\client\shell_integration\windows\occontextmenu\release\x64\occontextmenu.tlog\cl.write.1.tlog
c:\users\sylva\work\mokapress-v2-code\client\shell_integration\windows\occontextmenu\release\x64\occontextmenu.tlog\link.command.1.tlog
c:\users\sylva\work\mokapress-v2-code\client\shell_integration\windows\occontextmenu\release\x64\occontextmenu.tlog\link.read.1.tlog
c:\users\sylva\work\mokapress-v2-code\client\shell_integration\windows\occontextmenu\release\x64\occontextmenu.tlog\link.write.1.tlog
c:\users\sylva\work\mokapress-v2-code\client\shell_integration\windows\occontextmenu\release\x64\occontextmenu.tlog\occontextmenu.write.1u.tlog
c:\users\sylva\work\mokapress-v2-code\client\shell_integration\windows\occontextmenu\release\x64\occontextmenu.tlog\rc.command.1.tlog
c:\users\sylva\work\mokapress-v2-code\client\shell_integration\windows\occontextmenu\release\x64\occontextmenu.tlog\rc.read.1.tlog
c:\users\sylva\work\mokapress-v2-code\client\shell_integration\windows\occontextmenu\release\x64\occontextmenu.tlog\rc.write.1.tlog
