c:\users\sylva\work\mokapress-v2-code\client\shell_integration\windows\ocutil\release\x64\ocutil_x64.pch
c:\users\sylva\work\mokapress-v2-code\client\shell_integration\windows\ocutil\release\x64\vc141.pdb
c:\users\sylva\work\mokapress-v2-code\client\shell_integration\windows\ocutil\release\x64\stdafx.obj
c:\users\sylva\work\mokapress-v2-code\client\shell_integration\windows\ocutil\release\x64\stringutil.obj
c:\users\sylva\work\mokapress-v2-code\client\shell_integration\windows\ocutil\release\x64\registryutil.obj
c:\users\sylva\work\mokapress-v2-code\client\shell_integration\windows\ocutil\release\x64\fileutil.obj
c:\users\sylva\work\mokapress-v2-code\client\shell_integration\windows\ocutil\release\x64\remotepathchecker.obj
c:\users\sylva\work\mokapress-v2-code\client\shell_integration\windows\ocutil\release\x64\communicationsocket.obj
c:\users\sylva\work\mokapress-v2-code\client\binary\shell_integration\windows\release\x64\ocutil_x64.dll
c:\users\sylva\work\mokapress-v2-code\client\binary\shell_integration\windows\release\x64\ocutil_x64.pdb
c:\users\sylva\work\mokapress-v2-code\client\binary\shell_integration\windows\release\x64\ocutil_x64.lib
c:\users\sylva\work\mokapress-v2-code\client\binary\shell_integration\windows\release\x64\ocutil_x64.exp
c:\users\sylva\work\mokapress-v2-code\client\binary\shell_integration\windows\release\x64\ocutil_x64.ipdb
c:\users\sylva\work\mokapress-v2-code\client\binary\shell_integration\windows\release\x64\ocutil_x64.iobj
c:\users\sylva\work\mokapress-v2-code\client\shell_integration\windows\..\..\binary\shell_integration\windows\release\x64\ocutil_x64.pdb
c:\users\sylva\work\mokapress-v2-code\client\shell_integration\windows\..\..\binary\shell_integration\windows\release\x64\ocutil_x64.dll
c:\users\sylva\work\mokapress-v2-code\client\shell_integration\windows\ocutil\release\x64\ocutil.tlog\cl.command.1.tlog
c:\users\sylva\work\mokapress-v2-code\client\shell_integration\windows\ocutil\release\x64\ocutil.tlog\cl.read.1.tlog
c:\users\sylva\work\mokapress-v2-code\client\shell_integration\windows\ocutil\release\x64\ocutil.tlog\cl.write.1.tlog
c:\users\sylva\work\mokapress-v2-code\client\shell_integration\windows\ocutil\release\x64\ocutil.tlog\link.command.1.tlog
c:\users\sylva\work\mokapress-v2-code\client\shell_integration\windows\ocutil\release\x64\ocutil.tlog\link.read.1.tlog
c:\users\sylva\work\mokapress-v2-code\client\shell_integration\windows\ocutil\release\x64\ocutil.tlog\link.write.1.tlog
c:\users\sylva\work\mokapress-v2-code\client\shell_integration\windows\ocutil\release\x64\ocutil.tlog\ocutil.write.1u.tlog
