c:\users\sylva\work\mokapress-v2-code\client\shell_integration\windows\ocoverlays\release\win32\ocoverlays_x86.pch
c:\users\sylva\work\mokapress-v2-code\client\shell_integration\windows\ocoverlays\release\win32\vc141.pdb
c:\users\sylva\work\mokapress-v2-code\client\shell_integration\windows\ocoverlays\release\win32\stdafx.obj
c:\users\sylva\work\mokapress-v2-code\client\shell_integration\windows\ocoverlays\release\win32\ocoverlayregistrationhandler.obj
c:\users\sylva\work\mokapress-v2-code\client\shell_integration\windows\ocoverlays\release\win32\ocoverlayfactory.obj
c:\users\sylva\work\mokapress-v2-code\client\shell_integration\windows\ocoverlays\release\win32\ocoverlay.obj
c:\users\sylva\work\mokapress-v2-code\client\shell_integration\windows\ocoverlays\release\win32\dllmain.obj
c:\users\sylva\work\mokapress-v2-code\client\binary\shell_integration\windows\release\win32\ocoverlays_x86.dll
c:\users\sylva\work\mokapress-v2-code\client\binary\shell_integration\windows\release\win32\ocoverlays_x86.pdb
c:\users\sylva\work\mokapress-v2-code\client\binary\shell_integration\windows\release\win32\ocoverlays_x86.lib
c:\users\sylva\work\mokapress-v2-code\client\binary\shell_integration\windows\release\win32\ocoverlays_x86.exp
c:\users\sylva\work\mokapress-v2-code\client\binary\shell_integration\windows\release\win32\ocoverlays_x86.ipdb
c:\users\sylva\work\mokapress-v2-code\client\binary\shell_integration\windows\release\win32\ocoverlays_x86.iobj
c:\users\sylva\work\mokapress-v2-code\client\shell_integration\windows\ocoverlays\release\win32\ocoverlay.res
c:\users\sylva\work\mokapress-v2-code\client\shell_integration\windows\..\..\binary\shell_integration\windows\release\win32\ocoverlays_x86.pdb
c:\users\sylva\work\mokapress-v2-code\client\shell_integration\windows\..\..\binary\shell_integration\windows\release\win32\ocoverlays_x86.dll
c:\users\sylva\work\mokapress-v2-code\client\shell_integration\windows\ocoverlays\release\win32\ocoverlays.tlog\cl.command.1.tlog
c:\users\sylva\work\mokapress-v2-code\client\shell_integration\windows\ocoverlays\release\win32\ocoverlays.tlog\cl.read.1.tlog
c:\users\sylva\work\mokapress-v2-code\client\shell_integration\windows\ocoverlays\release\win32\ocoverlays.tlog\cl.write.1.tlog
c:\users\sylva\work\mokapress-v2-code\client\shell_integration\windows\ocoverlays\release\win32\ocoverlays.tlog\link.command.1.tlog
c:\users\sylva\work\mokapress-v2-code\client\shell_integration\windows\ocoverlays\release\win32\ocoverlays.tlog\link.read.1.tlog
c:\users\sylva\work\mokapress-v2-code\client\shell_integration\windows\ocoverlays\release\win32\ocoverlays.tlog\link.write.1.tlog
c:\users\sylva\work\mokapress-v2-code\client\shell_integration\windows\ocoverlays\release\win32\ocoverlays.tlog\ocoverlays.write.1u.tlog
c:\users\sylva\work\mokapress-v2-code\client\shell_integration\windows\ocoverlays\release\win32\ocoverlays.tlog\rc.command.1.tlog
c:\users\sylva\work\mokapress-v2-code\client\shell_integration\windows\ocoverlays\release\win32\ocoverlays.tlog\rc.read.1.tlog
c:\users\sylva\work\mokapress-v2-code\client\shell_integration\windows\ocoverlays\release\win32\ocoverlays.tlog\rc.write.1.tlog
